<?xml version="1.0" encoding="UTF-8"?>
<testng-results skipped="0" failed="0" total="1" passed="1">
  <reporter-output>
  </reporter-output>
  <suite name="Suite" duration-ms="44869" started-at="2013-12-17T13:06:14Z" finished-at="2013-12-17T13:06:59Z">
    <groups>
    </groups>
    <test name="Test" duration-ms="44869" started-at="2013-12-17T13:06:14Z" finished-at="2013-12-17T13:06:59Z">
      <class name="pack.Pro">
        <test-method status="PASS" signature="setUp()[pri:0, instance:pack.Pro@14ebadd]" name="setUp" is-config="true" duration-ms="37234" started-at="2013-12-17T18:36:14Z" finished-at="2013-12-17T18:36:52Z">
          <reporter-output>
          </reporter-output>
        </test-method> <!-- setUp -->
        <test-method status="PASS" signature="testUntitled()[pri:0, instance:pack.Pro@14ebadd]" name="testUntitled" duration-ms="6566" started-at="2013-12-17T18:36:52Z" finished-at="2013-12-17T18:36:58Z">
          <reporter-output>
          </reporter-output>
        </test-method> <!-- testUntitled -->
        <test-method status="PASS" signature="tearDown()[pri:0, instance:pack.Pro@14ebadd]" name="tearDown" is-config="true" duration-ms="1033" started-at="2013-12-17T18:36:58Z" finished-at="2013-12-17T18:36:59Z">
          <reporter-output>
          </reporter-output>
        </test-method> <!-- tearDown -->
      </class> <!-- pack.Pro -->
    </test> <!-- Test -->
  </suite> <!-- Suite -->
</testng-results>
